<?xml version="1.0" encoding="UTF-8"?>
<!-- Generated by org.testng.reporters.JUnitXMLReporter -->
<testsuite ignored="0" hostname="HARISH-PC" failures="0" tests="4" name="Test" time="0.111" errors="0" timestamp="2022-09-12T22:37:17 IST">
  <testcase classname="scripts.Test3" name="tc1" time="0.013"/>
  <testcase classname="scripts.Test2" name="tc1" time="0.001"/>
  <testcase classname="scripts.Test1" name="tc1" time="0.002"/>
  <testcase classname="scripts.Test0" name="tc1" time="0.003"/>
</testsuite> <!-- Test -->
