<?xml version="1.0" encoding="UTF-8"?>
<testng-results ignored="0" total="4" passed="4" failed="0" skipped="0">
  <reporter-output>
    <line>
      <![CDATA[hello python]]>
    </line>
    <line>
      <![CDATA[hello pythonselenium]]>
    </line>
    <line>
      <![CDATA[hello selenium]]>
    </line>
    <line>
      <![CDATA[hello java]]>
    </line>
  </reporter-output>
  <suite started-at="2022-09-12T22:37:17 IST" name="Suite" finished-at="2022-09-12T22:37:17 IST" duration-ms="111">
    <groups>
    </groups>
    <test started-at="2022-09-12T22:37:17 IST" name="Test" finished-at="2022-09-12T22:37:17 IST" duration-ms="111">
      <class name="scripts.Test1">
        <test-method signature="tc1()[pri:0, instance:scripts.Test1@6c130c45]" started-at="2022-09-12T22:37:17 IST" name="tc1" finished-at="2022-09-12T22:37:17 IST" duration-ms="2" status="PASS">
          <reporter-output>
            <line>
              <![CDATA[hello selenium]]>
            </line>
          </reporter-output>
        </test-method> <!-- tc1 -->
      </class> <!-- scripts.Test1 -->
      <class name="scripts.Test0">
        <test-method signature="tc1()[pri:0, instance:scripts.Test0@50ad3bc1]" started-at="2022-09-12T22:37:17 IST" name="tc1" finished-at="2022-09-12T22:37:17 IST" duration-ms="3" status="PASS">
          <reporter-output>
            <line>
              <![CDATA[hello java]]>
            </line>
          </reporter-output>
        </test-method> <!-- tc1 -->
      </class> <!-- scripts.Test0 -->
      <class name="scripts.Test3">
        <test-method signature="tc1()[pri:0, instance:scripts.Test3@1ba9117e]" started-at="2022-09-12T22:37:17 IST" name="tc1" finished-at="2022-09-12T22:37:17 IST" duration-ms="13" status="PASS">
          <reporter-output>
            <line>
              <![CDATA[hello python]]>
            </line>
          </reporter-output>
        </test-method> <!-- tc1 -->
      </class> <!-- scripts.Test3 -->
      <class name="scripts.Test2">
        <test-method signature="tc1()[pri:0, instance:scripts.Test2@6a84a97d]" started-at="2022-09-12T22:37:17 IST" name="tc1" finished-at="2022-09-12T22:37:17 IST" duration-ms="1" status="PASS">
          <reporter-output>
            <line>
              <![CDATA[hello pythonselenium]]>
            </line>
          </reporter-output>
        </test-method> <!-- tc1 -->
      </class> <!-- scripts.Test2 -->
    </test> <!-- Test -->
  </suite> <!-- Suite -->
</testng-results>
